2024-02-20 16:31:40,185 [Worker-5: Loading available Gradle versions] INFO  o.e.b.c.i.u.g.PublishedGradleVersions - Gradle version information cache is up-to-date. Trying to read.
2024-02-20 16:32:10,839 [Worker-16: Importing Maven projects] INFO  o.e.m.c.i.l.LifecycleMappingFactory - Using org.eclipse.m2e.jdt.JarLifecycleMapping lifecycle mapping for MavenProject: com.expleo:busReservationSystem:0.0.1-SNAPSHOT @ C:\Users\spatidar\Downloads\BusReservationSystem-All\Backend\busReservationSystem\pom.xml.
2024-02-20 16:32:22,754 [Worker-16: Importing Maven projects] INFO  o.e.m.j.i.AbstractJavaProjectConfigurator - Adding source folder /busReservationSystem/src/main/java
2024-02-20 16:32:22,754 [Worker-16: Importing Maven projects] INFO  o.e.m.j.i.AbstractJavaProjectConfigurator - Adding resource folder /busReservationSystem/src/main/resources
2024-02-20 16:32:22,755 [Worker-16: Importing Maven projects] INFO  o.e.m.j.i.AbstractJavaProjectConfigurator - Adding resource folder /busReservationSystem/src/main/resources
2024-02-20 16:32:22,756 [Worker-16: Importing Maven projects] INFO  o.e.m.j.i.AbstractJavaProjectConfigurator - Adding source folder /busReservationSystem/src/test/java
2024-02-20 16:32:22,757 [Worker-16: Importing Maven projects] INFO  o.e.m.j.i.AbstractJavaProjectConfigurator - Adding resource folder /busReservationSystem/src/test/resources
2024-02-20 16:32:23,358 [Worker-16: Importing Maven projects] INFO  o.e.m.c.i.p.ProjectConfigurationManager - Imported and configured 1 project(s) in 22 sec
2024-02-20 16:32:23,732 [Worker-15: Updating Maven Project] INFO  o.e.m.c.i.p.ProjectConfigurationManager - Update started
2024-02-20 16:32:24,638 [Worker-15: Updating Maven Project] INFO  o.e.m.c.i.l.LifecycleMappingFactory - Using org.eclipse.m2e.jdt.JarLifecycleMapping lifecycle mapping for MavenProject: com.expleo:busReservationSystem:0.0.1-SNAPSHOT @ C:\Users\spatidar\Downloads\BusReservationSystem-All\Backend\busReservationSystem\pom.xml.
2024-02-20 16:32:26,483 [Worker-15: Updating Maven Project] INFO  o.e.m.j.i.AbstractJavaProjectConfigurator - Adding source folder /busReservationSystem/src/main/java
2024-02-20 16:32:26,483 [Worker-15: Updating Maven Project] INFO  o.e.m.j.i.AbstractJavaProjectConfigurator - Adding resource folder /busReservationSystem/src/main/resources
2024-02-20 16:32:26,483 [Worker-15: Updating Maven Project] INFO  o.e.m.j.i.AbstractJavaProjectConfigurator - Adding resource folder /busReservationSystem/src/main/resources
2024-02-20 16:32:26,484 [Worker-15: Updating Maven Project] INFO  o.e.m.j.i.AbstractJavaProjectConfigurator - Adding source folder /busReservationSystem/src/test/java
2024-02-20 16:32:26,484 [Worker-15: Updating Maven Project] INFO  o.e.m.j.i.AbstractJavaProjectConfigurator - Adding resource folder /busReservationSystem/src/test/resources
2024-02-20 16:32:31,614 [Worker-15: Updating Maven Project] INFO  o.e.m.c.i.p.ProjectConfigurationManager - Update completed for 1 poms: local refresh takes 0.00 sec, refresh facades takes 2.00 sec, update config takes 0.00 sec 
2024-02-20 16:32:35,226 [Worker-10: Building] INFO  o.a.m.s.f.DefaultMavenResourcesFiltering - Copying 1 resource from src\main\resources to target\classes
2024-02-20 16:32:35,273 [Worker-10: Building] INFO  o.a.m.s.f.DefaultMavenResourcesFiltering - Copying 0 resource from src\main\resources to target\classes
2024-02-20 16:32:35,277 [Worker-10: Building] INFO  o.a.m.s.f.DefaultMavenResourcesFiltering - skip non existing resourceDirectory C:\Users\spatidar\Downloads\BusReservationSystem-All\Backend\busReservationSystem\src\test\resources
2024-02-21 10:42:44,354 [Start Help Server] INFO  org.eclipse.jetty.server.Server - jetty-12.0.3; built: 2023-10-27T03:25:22.284Z; git: a873259fd5af141dedaa6c7fa8fe8fbdedce0d61; jvm 17.0.9+9
2024-02-21 10:42:44,761 [Start Help Server] INFO  o.e.j.server.handler.ContextHandler - Started oeje8n.ContextHandler$CoreContextHandler@459ca2f6{/help,/help,b=null,a=AVAILABLE,h=oeje8n.ContextHandler$CoreContextHandler$CoreToNestedHandler@7bff9b0c{STARTED}}
2024-02-21 10:42:44,798 [Start Help Server] INFO  o.e.j.s.DefaultSessionIdManager - Session workerName=node0
2024-02-21 10:42:45,127 [Start Help Server] INFO  o.e.jetty.server.AbstractConnector - Started ServerConnector@246d5eff{HTTP/1.1, (http/1.1)}{127.0.0.1:55391}
2024-02-21 10:42:45,271 [Start Help Server] INFO  org.eclipse.jetty.server.Server - Started oejs.Server@68b0728b{STARTING}[12.0.3,sto=0] @65477907ms
2024-02-21 10:48:46,343 [Worker-33: Building] INFO  o.a.m.s.f.DefaultMavenResourcesFiltering - Copying 1 resource from src\main\resources to target\classes
2024-02-21 10:48:46,362 [Worker-33: Building] INFO  o.a.m.s.f.DefaultMavenResourcesFiltering - Copying 0 resource from src\main\resources to target\classes
2024-02-21 10:48:46,366 [Worker-33: Building] INFO  o.a.m.s.f.DefaultMavenResourcesFiltering - skip non existing resourceDirectory C:\Users\spatidar\Downloads\BusReservationSystem-All\Backend\busReservationSystem\src\test\resources
2024-02-21 10:49:23,576 [Worker-32: Building] INFO  o.a.m.s.f.DefaultMavenResourcesFiltering - Copying 1 resource from src\main\resources to target\classes
2024-02-21 10:49:24,493 [Worker-32: Building] INFO  o.a.m.s.f.DefaultMavenResourcesFiltering - Copying 0 resource from src\main\resources to target\classes
2024-02-21 10:49:24,496 [Worker-32: Building] INFO  o.a.m.s.f.DefaultMavenResourcesFiltering - skip non existing resourceDirectory C:\Users\spatidar\Downloads\BusReservationSystem-All\Backend\busReservationSystem\src\test\resources
2024-02-21 10:50:30,187 [Worker-17: Building] INFO  o.a.m.s.f.DefaultMavenResourcesFiltering - Copying 1 resource from src\main\resources to target\classes
2024-02-21 10:50:30,765 [Worker-17: Building] INFO  o.a.m.s.f.DefaultMavenResourcesFiltering - Copying 0 resource from src\main\resources to target\classes
2024-02-21 10:50:30,799 [Worker-17: Building] INFO  o.a.m.s.f.DefaultMavenResourcesFiltering - skip non existing resourceDirectory C:\Users\spatidar\Downloads\BusReservationSystem-All\Backend\busReservationSystem\src\test\resources
2024-02-21 10:51:39,774 [Worker-17: Building] INFO  o.a.m.s.f.DefaultMavenResourcesFiltering - Copying 1 resource from src\main\resources to target\classes
2024-02-21 10:51:39,894 [Worker-17: Building] INFO  o.a.m.s.f.DefaultMavenResourcesFiltering - Copying 0 resource from src\main\resources to target\classes
2024-02-21 10:51:39,898 [Worker-17: Building] INFO  o.a.m.s.f.DefaultMavenResourcesFiltering - skip non existing resourceDirectory C:\Users\spatidar\Downloads\BusReservationSystem-All\Backend\busReservationSystem\src\test\resources
